<?xml version="1.0" encoding="UTF-8"?>
<!-- Generated by org.testng.reporters.JUnitReportReporter -->
<testsuite skipped="0" hostname="DESKTOP-UHTQ991" name="demo.MultipleValidations" tests="4" failures="0" timestamp="2020-07-29T10:52:39 EDT" time="0.068" errors="0">
  <testcase name="titleVerification" time="0.010" classname="demo.MultipleValidations"/>
  <system-out/>
  <testcase name="verifyText" time="0.024" classname="demo.MultipleValidations"/>
  <system-out/>
  <testcase name="verifyMaleRadioBtn" time="0.017" classname="demo.MultipleValidations"/>
  <system-out/>
  <testcase name="verifySignUpBtn" time="0.017" classname="demo.MultipleValidations"/>
  <system-out/>
</testsuite> <!-- demo.MultipleValidations -->
