<?xml version="1.0" encoding="UTF-8"?>
<!-- Generated by org.testng.reporters.JUnitReportReporter -->
<testsuite skipped="0" hostname="DESKTOP-UHTQ991" name="demo.FFDemo" tests="1" failures="0" timestamp="2020-07-20T16:44:13 EDT" time="5.078" errors="0">
  <testcase name="openBrowser" time="5.078" classname="demo.FFDemo"/>
  <system-out/>
</testsuite> <!-- demo.FFDemo -->
