<?xml version="1.0" encoding="UTF-8"?>
<!-- Generated by org.testng.reporters.JUnitReportReporter -->
<testsuite skipped="0" hostname="DESKTOP-UHTQ991" name="demo.EdgeDemo" tests="1" failures="0" timestamp="2020-07-20T17:14:16 EDT" time="7.545" errors="0">
  <testcase name="openBrowser" time="7.545" classname="demo.EdgeDemo"/>
  <system-out/>
</testsuite> <!-- demo.EdgeDemo -->
