<?xml version="1.0" encoding="UTF-8"?>
<!-- Generated by org.testng.reporters.JUnitReportReporter -->
<testsuite skipped="0" hostname="DESKTOP-UHTQ991" name="demo.VerifyTitle" tests="1" failures="0" timestamp="2020-07-16T16:45:43 EDT" time="0.011" errors="0">
  <testcase name="titleVerification" time="0.011" classname="demo.VerifyTitle"/>
  <system-out/>
</testsuite> <!-- demo.VerifyTitle -->
