<?xml version="1.0" encoding="UTF-8"?>
<!-- Generated by org.testng.reporters.JUnitReportReporter -->
<testsuite skipped="0" hostname="DESKTOP-UHTQ991" name="demo.IEDemo" tests="1" failures="0" timestamp="2020-07-20T17:00:35 EDT" time="8.900" errors="0">
  <testcase name="openBrowser" time="8.900" classname="demo.IEDemo"/>
  <system-out/>
</testsuite> <!-- demo.IEDemo -->
