<?xml version="1.0" encoding="UTF-8"?>
<!-- Generated by org.testng.reporters.JUnitReportReporter -->
<testsuite skipped="0" hostname="DESKTOP-UHTQ991" name="demo.JSDemo1" tests="1" failures="0" timestamp="2020-07-23T17:08:20 EDT" time="8.122" errors="0">
  <testcase name="enterUsername" time="8.122" classname="demo.JSDemo1"/>
  <system-out/>
</testsuite> <!-- demo.JSDemo1 -->
