<?xml version="1.0" encoding="UTF-8"?>
<!-- Generated by org.testng.reporters.JUnitReportReporter -->
<testsuite skipped="0" hostname="DESKTOP-UHTQ991" name="demo.CBT" tests="16" failures="0" timestamp="2020-07-22T16:44:24 EDT" time="0.636" errors="0">
  <testcase name="titleVerification" time="0.008" classname="demo.CBT"/>
  <system-out/>
  <testcase name="titleVerification" time="0.018" classname="demo.CBT"/>
  <system-out/>
  <testcase name="titleVerification" time="0.009" classname="demo.CBT"/>
  <system-out/>
  <testcase name="titleVerification" time="0.008" classname="demo.CBT"/>
  <system-out/>
  <testcase name="verifyText" time="0.022" classname="demo.CBT"/>
  <system-out/>
  <testcase name="verifyText" time="0.022" classname="demo.CBT"/>
  <system-out/>
  <testcase name="verifyText" time="0.195" classname="demo.CBT"/>
  <system-out/>
  <testcase name="verifyText" time="0.020" classname="demo.CBT"/>
  <system-out/>
  <testcase name="verifyMaleRadioBtn" time="0.022" classname="demo.CBT"/>
  <system-out/>
  <testcase name="verifyMaleRadioBtn" time="0.108" classname="demo.CBT"/>
  <system-out/>
  <testcase name="verifyMaleRadioBtn" time="0.017" classname="demo.CBT"/>
  <system-out/>
  <testcase name="verifyMaleRadioBtn" time="0.011" classname="demo.CBT"/>
  <system-out/>
  <testcase name="verifySignUpBtn" time="0.126" classname="demo.CBT"/>
  <system-out/>
  <testcase name="verifySignUpBtn" time="0.017" classname="demo.CBT"/>
  <system-out/>
  <testcase name="verifySignUpBtn" time="0.012" classname="demo.CBT"/>
  <system-out/>
  <testcase name="verifySignUpBtn" time="0.021" classname="demo.CBT"/>
  <system-out/>
</testsuite> <!-- demo.CBT -->
